<?xml version="1.0" encoding="UTF-8"?>
<testng-results ignored="0" total="1" passed="1" failed="0" skipped="0">
  <reporter-output>
  </reporter-output>
  <suite started-at="2019-05-03T05:48:29Z" name="Default suite" finished-at="2019-05-03T05:48:49Z" duration-ms="20119">
    <groups>
    </groups>
    <test started-at="2019-05-03T05:48:29Z" name="Default test" finished-at="2019-05-03T05:48:49Z" duration-ms="20119">
      <class name="com.guru99.model.tests.SalesInvoicesTest">
        <test-method is-config="true" signature="startUpTest()[pri:0, instance:com.guru99.model.tests.SalesInvoicesTest@291b4bf5]" started-at="2019-05-03T05:48:29Z" name="startUpTest" finished-at="2019-05-03T05:48:41Z" duration-ms="12018" status="PASS">
          <reporter-output>
          </reporter-output>
        </test-method> <!-- startUpTest -->
        <test-method signature="verifySortingSalesInvoicesDate()[pri:0, instance:com.guru99.model.tests.SalesInvoicesTest@291b4bf5]" started-at="2019-05-03T05:48:41Z" name="verifySortingSalesInvoicesDate" finished-at="2019-05-03T05:48:49Z" duration-ms="8073" status="PASS">
          <reporter-output>
          </reporter-output>
        </test-method> <!-- verifySortingSalesInvoicesDate -->
        <test-method is-config="true" signature="shutDownTest()[pri:0, instance:com.guru99.model.tests.SalesInvoicesTest@291b4bf5]" started-at="2019-05-03T05:48:49Z" name="shutDownTest" finished-at="2019-05-03T05:48:49Z" duration-ms="1" status="PASS">
          <reporter-output>
          </reporter-output>
        </test-method> <!-- shutDownTest -->
      </class> <!-- com.guru99.model.tests.SalesInvoicesTest -->
    </test> <!-- Default test -->
  </suite> <!-- Default suite -->
</testng-results>
